2024-04-23 21:36:23,931 - INFO - Client connected to ws://localhost:8006/ws/7hVkER_DBXEszHU_vcCLRMDJNiLBkiYLqFLHQ1QbvYI
2024-04-23 21:36:23,931 - INFO - extra header detail {'x-user-name': 'bilal', 'x-os': 'Linux', 'x-system-started-time': (1713813696.0, '22/04/2024, 21:21:36')}
2024-04-23 21:36:24,196 - INFO - dected screens [{'left': 0, 'top': 0, 'width': 1280, 'height': 720}]
2024-04-23 21:36:24,331 - INFO - Data sent to server
2024-04-23 21:36:24,631 - INFO - Client disconnected: ('::1', 8006, 0, 0), received 1011 (internal error); then sent 1011 (internal error)
2024-04-23 21:37:38,001 - INFO - Client connected to ws://localhost:8006/ws/-eI-VLvdwef4UXxd28quOrmfpw39zo51TwP4XYvZMxM
2024-04-23 21:37:38,001 - INFO - extra header detail {'x-user-name': 'bilal', 'x-os': 'Linux', 'x-system-started-time': (1713813696.0, '22/04/2024, 21:21:36')}
2024-04-23 21:37:38,021 - INFO - dected screens [{'left': 0, 'top': 0, 'width': 1280, 'height': 720}]
2024-04-23 21:37:38,021 - INFO - Data sent to server
2024-04-23 21:39:34,418 - INFO - Client disconnected: ('::1', 8006, 0, 0), no close frame received or sent
2024-04-23 21:40:15,659 - INFO - Client connected to ws://localhost:8006/ws/1NQe_NZ3JwH0WlVjIzYzvne0O_FHHsj4fB7utribE3c
2024-04-23 21:40:15,659 - INFO - extra header detail {'x-user-name': 'bilal', 'x-os': 'Linux', 'x-system-started-time': (1713813696.0, '22/04/2024, 21:21:36')}
2024-04-23 21:40:15,676 - INFO - dected screens [{'left': 0, 'top': 0, 'width': 1280, 'height': 720}]
2024-04-23 21:40:15,676 - INFO - Data sent to server
2024-04-23 21:43:12,245 - INFO - Client connected to ws://localhost:8006/ws/DvI7ewdbrgbbcRlad2zWNkdhxy0nqq_M8Dq3iqAf56o
2024-04-23 21:43:12,245 - INFO - extra header detail {'x-user-name': 'bilal', 'x-os': 'Linux', 'x-system-started-time': (1713813696.0, '22/04/2024, 21:21:36')}
2024-04-23 21:43:12,272 - INFO - dected screens [{'left': 0, 'top': 0, 'width': 1280, 'height': 720}]
2024-04-23 21:43:12,272 - INFO - Data sent to server
2024-04-23 21:45:25,501 - INFO - Client disconnected: ('::1', 8006, 0, 0), no close frame received or sent
2024-04-23 21:45:25,507 - INFO - Client disconnected: ('::1', 8006, 0, 0), no close frame received or sent
2024-04-23 21:53:39,452 - INFO - Client connected to ws://localhost:8006/ws/wN6K6IQTQpB1T58ovL5vYEqX_v3nMPY-xWX_HTcNgZo
2024-04-23 21:53:39,452 - INFO - extra header detail {'x-user-name': 'bilal', 'x-os': 'Linux', 'x-system-started-time': (1713813696.0, '22/04/2024, 21:21:36')}
2024-04-23 21:53:39,481 - INFO - dected screens [{'left': 0, 'top': 0, 'width': 1280, 'height': 720}]
2024-04-23 21:53:39,481 - INFO - Data sent to server
2024-04-23 21:53:46,372 - INFO - Client connected to ws://localhost:8006/ws/zJHAE2CboiJXQ6fYaVGnP_KvQg1KUQ2_hufOt_VJTf4
2024-04-23 21:53:46,372 - INFO - extra header detail {'x-user-name': 'bilal', 'x-os': 'Linux', 'x-system-started-time': (1713813696.0, '22/04/2024, 21:21:36')}
2024-04-23 21:53:46,391 - INFO - dected screens [{'left': 0, 'top': 0, 'width': 1280, 'height': 720}]
2024-04-23 21:53:46,391 - INFO - Data sent to server
2024-04-23 23:19:54,941 - INFO - Client connected to ws://localhost:8006/ws/LdL4EOQKl4sAzvIuE4ZJLBkso-QGY6b6YjPY3yPyOFo
2024-04-23 23:19:54,941 - INFO - extra header detail {'x-user-name': 'bilal', 'x-os': 'Linux', 'x-system-started-time': (1713813696.0, '22/04/2024, 21:21:36')}
2024-04-23 23:19:54,961 - INFO - dected screens [{'left': 0, 'top': 0, 'width': 1280, 'height': 720}]
2024-04-23 23:19:54,962 - INFO - Data sent to server
2024-04-23 23:20:55,937 - INFO - Client connected to ws://localhost:8006/ws/ucafb0Z7VB0znRNtZlq4CeL-KaRbIC29FE8J-kCvk-s
2024-04-23 23:20:55,937 - INFO - extra header detail {'x-user-name': 'bilal', 'x-os': 'Linux', 'x-system-started-time': (1713813696.0, '22/04/2024, 21:21:36')}
2024-04-23 23:20:55,957 - INFO - dected screens [{'left': 0, 'top': 0, 'width': 1280, 'height': 720}]
2024-04-23 23:20:55,958 - INFO - Data sent to server
2024-04-23 23:20:56,209 - INFO - Client disconnected: ('::1', 8006, 0, 0), received 1011 (internal error); then sent 1011 (internal error)
2024-04-23 23:21:50,853 - INFO - Client connected to ws://localhost:8006/ws/bhLbyud8sh0cDUMr-lYSKeZzMEkeaciCCd_WP8K3Iww
2024-04-23 23:21:50,853 - INFO - extra header detail {'x-user-name': 'bilal', 'x-os': 'Linux', 'x-system-started-time': (1713813696.0, '22/04/2024, 21:21:36')}
2024-04-23 23:21:50,877 - INFO - dected screens [{'left': 0, 'top': 0, 'width': 1280, 'height': 720}]
2024-04-23 23:21:50,877 - INFO - Data sent to server
2024-04-23 23:22:12,856 - INFO - Client disconnected: ('::1', 8006, 0, 0), no close frame received or sent
2024-04-23 23:32:54,779 - INFO - Client connected to ws://localhost:8006/ws/i2h_CI9uDlJWqdyB6q6pxkN505620AvzdYSJu3iKGnw
2024-04-23 23:32:54,779 - INFO - extra header detail {'x-user-name': 'bilal', 'x-os': 'Linux', 'x-system-started-time': (1713813696.0, '22/04/2024, 21:21:36')}
2024-04-23 23:32:54,795 - INFO - dected screens [{'left': 0, 'top': 0, 'width': 1280, 'height': 720}]
2024-04-23 23:32:54,796 - INFO - Data sent to server
2024-04-23 23:33:02,690 - INFO - Client disconnected: ('::1', 8006, 0, 0), no close frame received or sent
2024-04-23 23:33:35,157 - INFO - Client connected to ws://localhost:8006/ws/8VlR5s8pvSn4YgGx32gX8cy3dW5G4YuUvxKOzIL5pM8
2024-04-23 23:33:35,157 - INFO - extra header detail {'x-user-name': 'bilal', 'x-os': 'Linux', 'x-system-started-time': (1713813696.0, '22/04/2024, 21:21:36')}
2024-04-23 23:33:35,181 - INFO - dected screens [{'left': 0, 'top': 0, 'width': 1280, 'height': 720}]
2024-04-23 23:33:35,181 - INFO - Data sent to server
2024-04-23 23:33:35,461 - INFO - Client disconnected: ('::1', 8006, 0, 0), received 1011 (internal error); then sent 1011 (internal error)
2024-04-23 23:35:28,273 - INFO - Client connected to ws://localhost:8006/ws/DSnhONUty-Spj0Vpc87zljg8QTGAxo1gKEeUEIchfZA
2024-04-23 23:35:28,273 - INFO - extra header detail {'x-user-name': 'bilal', 'x-os': 'Linux', 'x-system-started-time': (1713813696.0, '22/04/2024, 21:21:36')}
2024-04-23 23:35:28,292 - INFO - dected screens [{'left': 0, 'top': 0, 'width': 1280, 'height': 720}]
2024-04-23 23:35:28,292 - INFO - Data sent to server
2024-04-23 23:35:28,537 - INFO - Client disconnected: ('::1', 8006, 0, 0), received 1011 (internal error); then sent 1011 (internal error)
2024-04-23 23:35:48,987 - INFO - Client connected to ws://localhost:8006/ws/IQgItpprsv8s6kWbISekZ0t7nLuIPOeQq07xaNBo0AI
2024-04-23 23:35:48,987 - INFO - extra header detail {'x-user-name': 'bilal', 'x-os': 'Linux', 'x-system-started-time': (1713813696.0, '22/04/2024, 21:21:36')}
2024-04-23 23:35:49,005 - INFO - dected screens [{'left': 0, 'top': 0, 'width': 1280, 'height': 720}]
2024-04-23 23:35:49,006 - INFO - Data sent to server
2024-04-23 23:35:49,292 - INFO - Client disconnected: ('::1', 8006, 0, 0), received 1011 (internal error); then sent 1011 (internal error)
2024-04-23 23:36:27,171 - INFO - Client connected to ws://localhost:8006/ws/eSPfJ4qhaQdHyQPp4eB1je6R7wJzFP0eHXgb31AiEWE
2024-04-23 23:36:27,171 - INFO - extra header detail {'x-user-name': 'bilal', 'x-os': 'Linux', 'x-system-started-time': (1713813696.0, '22/04/2024, 21:21:36')}
2024-04-23 23:36:27,194 - INFO - dected screens [{'left': 0, 'top': 0, 'width': 1280, 'height': 720}]
2024-04-23 23:36:27,194 - INFO - Data sent to server
2024-04-23 23:36:27,428 - INFO - Client disconnected: ('::1', 8006, 0, 0), received 1011 (internal error); then sent 1011 (internal error)
2024-04-23 23:36:50,658 - INFO - Client connected to ws://localhost:8006/ws/3SZzAv06kZ32l9t1S1bFG65fgFWXLmZuwMneS5DzVtw
2024-04-23 23:36:50,659 - INFO - extra header detail {'x-user-name': 'bilal', 'x-os': 'Linux', 'x-system-started-time': (1713813696.0, '22/04/2024, 21:21:36')}
2024-04-23 23:36:50,676 - INFO - dected screens [{'left': 0, 'top': 0, 'width': 1280, 'height': 720}]
2024-04-23 23:36:50,676 - INFO - Data sent to server
2024-04-23 23:42:23,817 - INFO - Client connected to ws://localhost:8006/ws/qPsgqkBtDNxt_Vrl1jmBSXOc_sJqkroJmW7ms7JNvEI
2024-04-23 23:42:23,817 - INFO - extra header detail {'x-user-name': 'bilal', 'x-os': 'Linux', 'x-system-started-time': (1713813696.0, '22/04/2024, 21:21:36')}
2024-04-23 23:42:23,835 - INFO - dected screens [{'left': 0, 'top': 0, 'width': 1280, 'height': 720}]
2024-04-23 23:42:23,835 - INFO - Data sent to server
2024-04-23 23:42:24,080 - INFO - Client disconnected: ('::1', 8006, 0, 0), received 1011 (internal error); then sent 1011 (internal error)
2024-04-23 23:43:51,364 - INFO - Client connected to ws://localhost:8006/ws/cf3k_bq17khcqTCV7uWVzWoeM6-hwaEMGzJncBPVcuY
2024-04-23 23:43:51,364 - INFO - extra header detail {'x-user-name': 'bilal', 'x-os': 'Linux', 'x-system-started-time': (1713813696.0, '22/04/2024, 21:21:36')}
2024-04-23 23:43:51,391 - INFO - dected screens [{'left': 0, 'top': 0, 'width': 1280, 'height': 720}]
2024-04-23 23:43:51,391 - INFO - Data sent to server
2024-04-23 23:44:52,896 - INFO - Client disconnected: ('::1', 8006, 0, 0), no close frame received or sent
2024-04-23 23:44:55,259 - INFO - Client connected to ws://localhost:8006/ws/U-OvlQ7q-2PNJt2T-HZ_fTlBZ6xpSj-ScVF4UAzcplY
2024-04-23 23:44:55,259 - INFO - extra header detail {'x-user-name': 'bilal', 'x-os': 'Linux', 'x-system-started-time': (1713813696.0, '22/04/2024, 21:21:36')}
2024-04-23 23:44:55,278 - INFO - dected screens [{'left': 0, 'top': 0, 'width': 1280, 'height': 720}]
2024-04-23 23:44:55,278 - INFO - Data sent to server
2024-04-23 23:44:55,593 - INFO - Client disconnected: ('::1', 8006, 0, 0), received 1011 (internal error); then sent 1011 (internal error)
2024-04-23 23:45:43,559 - INFO - Client connected to ws://localhost:8006/ws/R91gWKiCi40a8XuuLM0cYrHA3kUeZFaEY9uZMaa-Y8s
2024-04-23 23:45:43,559 - INFO - extra header detail {'x-user-name': 'bilal', 'x-os': 'Linux', 'x-system-started-time': (1713813696.0, '22/04/2024, 21:21:36')}
2024-04-23 23:45:43,576 - INFO - dected screens [{'left': 0, 'top': 0, 'width': 1280, 'height': 720}]
2024-04-23 23:45:43,576 - INFO - Data sent to server
2024-04-23 23:47:11,846 - INFO - Client disconnected: ('::1', 8006, 0, 0), no close frame received or sent
