2024-04-24 06:37:25,572 - INFO - Client connected to ws://localhost:8006/ws/M3oCFE2g1gKolIOqEJQ04YFEpe-dUT1TcqS9pZxkfPU
2024-04-24 06:37:25,572 - INFO - extra header detail {'x-user-name': 'bilal', 'x-os': 'Linux', 'x-system-started-time': (1713813696.0, '22/04/2024, 21:21:36')}
2024-04-24 06:37:25,608 - INFO - dected screens [{'left': 0, 'top': 0, 'width': 1280, 'height': 720}]
2024-04-24 06:37:25,608 - INFO - Data sent to server
2024-04-24 06:37:35,299 - INFO - Client disconnected: ('::1', 8006, 0, 0), no close frame received or sent
2024-04-24 06:38:00,578 - INFO - Client connected to ws://localhost:8006/ws/iECRpG_aZB0bds4RTeyzMFLqc421pVsORkYGbbw8VYs
2024-04-24 06:38:00,578 - INFO - extra header detail {'x-user-name': 'bilal', 'x-os': 'Linux', 'x-system-started-time': (1713813696.0, '22/04/2024, 21:21:36')}
2024-04-24 06:38:00,604 - INFO - dected screens [{'left': 0, 'top': 0, 'width': 1280, 'height': 720}]
2024-04-24 06:38:00,604 - INFO - Data sent to server
2024-04-24 06:38:00,987 - INFO - Client disconnected: ('::1', 8006, 0, 0), received 1011 (internal error); then sent 1011 (internal error)
2024-04-24 06:39:44,622 - INFO - Client connected to ws://localhost:8006/ws/jXoC9iSLp_tUgyHUORoomyBn9yyYTdMfM0dG1eTxbFU
2024-04-24 06:39:44,622 - INFO - extra header detail {'x-user-name': 'bilal', 'x-os': 'Linux', 'x-system-started-time': (1713813696.0, '22/04/2024, 21:21:36')}
2024-04-24 06:39:44,644 - INFO - dected screens [{'left': 0, 'top': 0, 'width': 1280, 'height': 720}]
2024-04-24 06:39:44,644 - INFO - Data sent to server
2024-04-24 06:39:44,930 - INFO - Client disconnected: ('::1', 8006, 0, 0), received 1011 (internal error); then sent 1011 (internal error)
2024-04-24 06:40:52,753 - INFO - Client connected to ws://localhost:8006/ws/3eLaY-b_M1v69JXcxxrIgrv9m597Qp22OaMFGibwGfg
2024-04-24 06:40:52,753 - INFO - extra header detail {'x-user-name': 'bilal', 'x-os': 'Linux', 'x-system-started-time': (1713813696.0, '22/04/2024, 21:21:36')}
2024-04-24 06:40:52,777 - INFO - dected screens [{'left': 0, 'top': 0, 'width': 1280, 'height': 720}]
2024-04-24 06:40:52,777 - INFO - Data sent to server
2024-04-24 06:40:53,062 - INFO - Client disconnected: ('::1', 8006, 0, 0), received 1011 (internal error); then sent 1011 (internal error)
2024-04-24 06:41:37,533 - INFO - Client connected to ws://localhost:8006/ws/zS6ZycGZW2X1BOvF5XF-0Hm344lNMGTg15Cp8yCGCm8
2024-04-24 06:41:37,533 - INFO - extra header detail {'x-user-name': 'bilal', 'x-os': 'Linux', 'x-system-started-time': (1713813696.0, '22/04/2024, 21:21:36')}
2024-04-24 06:41:37,555 - INFO - dected screens [{'left': 0, 'top': 0, 'width': 1280, 'height': 720}]
2024-04-24 06:41:37,555 - INFO - Data sent to server
2024-04-24 06:41:37,837 - INFO - Client disconnected: ('::1', 8006, 0, 0), received 1011 (internal error); then sent 1011 (internal error)
2024-04-24 06:43:01,694 - INFO - Client connected to ws://localhost:8006/ws/MWk2FiWrSTbuerjwLumv3EoygV3qz3_W_CjfwvuKDSE
2024-04-24 06:43:01,694 - INFO - extra header detail {'x-user-name': 'bilal', 'x-os': 'Linux', 'x-system-started-time': (1713813696.0, '22/04/2024, 21:21:36')}
2024-04-24 06:43:01,726 - INFO - dected screens [{'left': 0, 'top': 0, 'width': 1280, 'height': 720}]
2024-04-24 06:43:01,726 - INFO - Data sent to server
2024-04-24 06:43:02,076 - INFO - Client disconnected: ('::1', 8006, 0, 0), received 1011 (internal error); then sent 1011 (internal error)
2024-04-24 06:45:03,664 - INFO - Client connected to ws://localhost:8006/ws/s3eeXb1_qZbx98DJ9-_u_C6YfTkpQbFtYVq_GLOc-Ac
2024-04-24 06:45:03,664 - INFO - extra header detail {'x-user-name': 'bilal', 'x-os': 'Linux', 'x-system-started-time': (1713813696.0, '22/04/2024, 21:21:36')}
2024-04-24 06:45:03,684 - INFO - dected screens [{'left': 0, 'top': 0, 'width': 1280, 'height': 720}]
2024-04-24 06:45:03,685 - INFO - Data sent to server
2024-04-24 06:45:04,002 - INFO - Client disconnected: ('::1', 8006, 0, 0), received 1011 (internal error); then sent 1011 (internal error)
2024-04-24 06:48:24,903 - INFO - Client connected to ws://localhost:8006/ws/Zkc3oRQqU_OWjzGIcvusiFIuYmzAd-GDGzbifAAYrOE
2024-04-24 06:48:24,903 - INFO - extra header detail {'x-user-name': 'bilal', 'x-os': 'Linux', 'x-system-started-time': (1713813696.0, '22/04/2024, 21:21:36')}
2024-04-24 06:48:24,925 - INFO - dected screens [{'left': 0, 'top': 0, 'width': 1280, 'height': 720}]
2024-04-24 06:48:24,925 - INFO - Data sent to server
2024-04-24 06:48:25,213 - INFO - Client disconnected: ('::1', 8006, 0, 0), received 1011 (internal error); then sent 1011 (internal error)
2024-04-24 06:49:08,139 - INFO - Client connected to ws://localhost:8006/ws/StLnvC7YX0t8X4S0ftBWysIy43uAoiA7WTSTqREk4Rk
2024-04-24 06:49:08,140 - INFO - extra header detail {'x-user-name': 'bilal', 'x-os': 'Linux', 'x-system-started-time': (1713813696.0, '22/04/2024, 21:21:36')}
2024-04-24 06:49:08,166 - INFO - dected screens [{'left': 0, 'top': 0, 'width': 1280, 'height': 720}]
2024-04-24 06:49:08,166 - INFO - Data sent to server
2024-04-24 06:49:08,527 - INFO - Client disconnected: ('::1', 8006, 0, 0), received 1011 (internal error); then sent 1011 (internal error)
2024-04-24 06:49:27,889 - INFO - Client connected to ws://localhost:8006/ws/46rfUb2xUPeH2rvWm2BMticNWKsS_LLrcDJ6aNU0IBo
2024-04-24 06:49:27,889 - INFO - extra header detail {'x-user-name': 'bilal', 'x-os': 'Linux', 'x-system-started-time': (1713813696.0, '22/04/2024, 21:21:36')}
2024-04-24 06:49:27,907 - INFO - dected screens [{'left': 0, 'top': 0, 'width': 1280, 'height': 720}]
2024-04-24 06:49:27,907 - INFO - Data sent to server
2024-04-24 06:49:28,196 - INFO - Client disconnected: ('::1', 8006, 0, 0), received 1011 (internal error); then sent 1011 (internal error)
2024-04-24 06:50:02,289 - INFO - Client connected to ws://localhost:8006/ws/KBl3PKmiI_vVJWwjC0C8k2ho9sTSMCELKm-6lixR8es
2024-04-24 06:50:02,289 - INFO - extra header detail {'x-user-name': 'bilal', 'x-os': 'Linux', 'x-system-started-time': (1713813696.0, '22/04/2024, 21:21:36')}
2024-04-24 06:50:02,306 - INFO - dected screens [{'left': 0, 'top': 0, 'width': 1280, 'height': 720}]
2024-04-24 06:50:02,306 - INFO - Data sent to server
2024-04-24 06:50:02,594 - INFO - Client disconnected: ('::1', 8006, 0, 0), received 1011 (internal error); then sent 1011 (internal error)
2024-04-24 06:50:27,706 - INFO - Client connected to ws://localhost:8006/ws/6LeVNB0jd10bMVLdaMjZS2-Iq8MDfPYfSafUDJ8GG3w
2024-04-24 06:50:27,706 - INFO - extra header detail {'x-user-name': 'bilal', 'x-os': 'Linux', 'x-system-started-time': (1713813696.0, '22/04/2024, 21:21:36')}
2024-04-24 06:50:27,724 - INFO - dected screens [{'left': 0, 'top': 0, 'width': 1280, 'height': 720}]
2024-04-24 06:50:27,724 - INFO - Data sent to server
2024-04-24 06:50:35,960 - INFO - Client disconnected: ('::1', 8006, 0, 0), no close frame received or sent
2024-04-24 06:50:50,077 - INFO - Client connected to ws://localhost:8006/ws/W6ztHxM9U_NilfnphMh-gBplYXURp0ga6hYiEV0OHOY
2024-04-24 06:50:50,077 - INFO - extra header detail {'x-user-name': 'bilal', 'x-os': 'Linux', 'x-system-started-time': (1713813696.0, '22/04/2024, 21:21:36')}
2024-04-24 06:50:50,096 - INFO - dected screens [{'left': 0, 'top': 0, 'width': 1280, 'height': 720}]
2024-04-24 06:50:50,096 - INFO - Data sent to server
2024-04-24 06:50:58,150 - INFO - Client disconnected: ('::1', 8006, 0, 0), no close frame received or sent
2024-04-24 06:51:14,683 - INFO - Client connected to ws://localhost:8006/ws/ebsmiZ5XqBohVk7lEKYOx7Wkcd38fHKdOXWps3D3gwc
2024-04-24 06:51:14,683 - INFO - extra header detail {'x-user-name': 'bilal', 'x-os': 'Linux', 'x-system-started-time': (1713813696.0, '22/04/2024, 21:21:36')}
2024-04-24 06:51:14,702 - INFO - dected screens [{'left': 0, 'top': 0, 'width': 1280, 'height': 720}]
2024-04-24 06:51:14,702 - INFO - Data sent to server
2024-04-24 06:51:14,987 - INFO - Client disconnected: ('::1', 8006, 0, 0), received 1011 (internal error); then sent 1011 (internal error)
2024-04-24 06:52:45,977 - INFO - Client connected to ws://localhost:8006/ws/tL-DfqKs0Vp8iLkP7dfp7T6WmMpoZlqNRf3fwX9vOk0
2024-04-24 06:52:45,977 - INFO - extra header detail {'x-user-name': 'bilal', 'x-os': 'Linux', 'x-system-started-time': (1713813696.0, '22/04/2024, 21:21:36')}
2024-04-24 06:52:45,994 - INFO - dected screens [{'left': 0, 'top': 0, 'width': 1280, 'height': 720}]
2024-04-24 06:52:45,994 - INFO - Data sent to server
2024-04-24 06:52:46,289 - INFO - Client disconnected: ('::1', 8006, 0, 0), received 1011 (internal error); then sent 1011 (internal error)
2024-04-24 06:53:31,229 - INFO - Client connected to ws://localhost:8006/ws/90kBFFnT-z_NiQY3OMJ5riwmDomkztv1UgMtQ-0Yj8U
2024-04-24 06:53:31,230 - INFO - extra header detail {'x-user-name': 'bilal', 'x-os': 'Linux', 'x-system-started-time': (1713813696.0, '22/04/2024, 21:21:36')}
2024-04-24 06:53:31,252 - INFO - dected screens [{'left': 0, 'top': 0, 'width': 1280, 'height': 720}]
2024-04-24 06:53:31,252 - INFO - Data sent to server
2024-04-24 06:53:31,581 - INFO - Client disconnected: ('::1', 8006, 0, 0), received 1011 (internal error); then sent 1011 (internal error)
2024-04-24 06:54:39,584 - INFO - Client connected to ws://localhost:8006/ws/mHnh3jc929zI-MsO9zWadX4VeVEnwrQDiH6LEidx_ZA
2024-04-24 06:54:39,584 - INFO - extra header detail {'x-user-name': 'bilal', 'x-os': 'Linux', 'x-system-started-time': (1713813696.0, '22/04/2024, 21:21:36')}
2024-04-24 06:54:39,603 - INFO - dected screens [{'left': 0, 'top': 0, 'width': 1280, 'height': 720}]
2024-04-24 06:54:39,603 - INFO - Data sent to server
2024-04-24 06:54:43,408 - INFO - Client disconnected: ('::1', 8006, 0, 0), no close frame received or sent
2024-04-24 06:55:45,308 - INFO - Client connected to ws://localhost:8006/ws/ZyU-e4RyimxpiyoDBIVMgpod81b6WcNfEGgD8veOjgc
2024-04-24 06:55:45,309 - INFO - extra header detail {'x-user-name': 'bilal', 'x-os': 'Linux', 'x-system-started-time': (1713813696.0, '22/04/2024, 21:21:36')}
2024-04-24 06:55:45,327 - INFO - dected screens [{'left': 0, 'top': 0, 'width': 1280, 'height': 720}]
2024-04-24 06:55:45,327 - INFO - Data sent to server
2024-04-24 06:55:54,484 - INFO - Client disconnected: ('::1', 8006, 0, 0), no close frame received or sent
2024-04-24 06:56:39,076 - INFO - Client connected to ws://localhost:8006/ws/SXEl4PqFxuSyuauj_NBXpJr5TJX6s6RSXco226_qp7E
2024-04-24 06:56:39,076 - INFO - extra header detail {'x-user-name': 'bilal', 'x-os': 'Linux', 'x-system-started-time': (1713813696.0, '22/04/2024, 21:21:36')}
2024-04-24 06:56:39,097 - INFO - dected screens [{'left': 0, 'top': 0, 'width': 1280, 'height': 720}]
2024-04-24 06:56:39,097 - INFO - Data sent to server
2024-04-24 06:56:41,430 - INFO - Client disconnected: ('::1', 8006, 0, 0), no close frame received or sent
2024-04-24 21:42:55,595 - INFO - Client connected to ws://localhost:8006/ws/CX-5hFC-mEBIqGifMgOPOLhdTywvRSOKFB_lvVG5PU0
2024-04-24 21:42:55,595 - INFO - extra header detail {'x-user-name': 'bilal', 'x-os': 'Linux', 'x-system-started-time': (1713813696.0, '22/04/2024, 21:21:36')}
2024-04-24 21:42:55,624 - INFO - dected screens [{'left': 0, 'top': 0, 'width': 1280, 'height': 720}]
2024-04-24 21:42:55,624 - INFO - Data sent to server
2024-04-24 21:44:02,640 - INFO - Client connected to ws://localhost:8006/ws/BY7aqEjlTJPOgBs8nrs7HULAirt0KWHcSgLFbQm5VoA
2024-04-24 21:44:02,640 - INFO - extra header detail {'x-user-name': 'bilal', 'x-os': 'Linux', 'x-system-started-time': (1713813696.0, '22/04/2024, 21:21:36')}
2024-04-24 21:44:02,662 - INFO - dected screens [{'left': 0, 'top': 0, 'width': 1280, 'height': 720}]
2024-04-24 21:44:02,662 - INFO - Data sent to server
2024-04-24 21:44:22,568 - INFO - Client disconnected: ('::1', 8006, 0, 0), no close frame received or sent
2024-04-24 21:45:47,899 - INFO - Client connected to ws://localhost:8006/ws/q3p9FIechYnvW0Gm8qrz8buX2FYqcvumRXNLExglVbI
2024-04-24 21:45:47,899 - INFO - extra header detail {'x-user-name': 'bilal', 'x-os': 'Linux', 'x-system-started-time': (1713813696.0, '22/04/2024, 21:21:36')}
2024-04-24 21:45:47,914 - INFO - dected screens [{'left': 0, 'top': 0, 'width': 1280, 'height': 720}]
2024-04-24 21:45:47,914 - INFO - Data sent to server
2024-04-24 21:46:16,100 - INFO - Client disconnected: ('::1', 8006, 0, 0), no close frame received or sent
2024-04-24 21:46:18,856 - INFO - Client connected to ws://localhost:8006/ws/_C8sH0cfSS9f87HEdZh88lz0ov4jUw9Ch8UnM0RhwIw
2024-04-24 21:46:18,856 - INFO - extra header detail {'x-user-name': 'bilal', 'x-os': 'Linux', 'x-system-started-time': (1713813696.0, '22/04/2024, 21:21:36')}
2024-04-24 21:46:18,877 - INFO - dected screens [{'left': 0, 'top': 0, 'width': 1280, 'height': 720}]
2024-04-24 21:46:18,877 - INFO - Data sent to server
2024-04-24 21:46:20,905 - INFO - Client disconnected: ('::1', 8006, 0, 0), no close frame received or sent
2024-04-24 21:47:36,522 - INFO - Client connected to ws://localhost:8006/ws/RApnWvCQTJvWAweDVuQuEH8MNDDtG08b4CpBIs-orjU
2024-04-24 21:47:36,523 - INFO - extra header detail {'x-user-name': 'bilal', 'x-os': 'Linux', 'x-system-started-time': (1713813696.0, '22/04/2024, 21:21:36')}
2024-04-24 21:47:36,545 - INFO - dected screens [{'left': 0, 'top': 0, 'width': 1280, 'height': 720}]
2024-04-24 21:47:36,545 - INFO - Data sent to server
2024-04-24 21:47:38,186 - INFO - Client disconnected: ('::1', 8006, 0, 0), received 1011 (internal error); then sent 1011 (internal error)
2024-04-24 21:48:19,742 - INFO - Client connected to ws://localhost:8006/ws/ycRXbr2-8MvL6U88bcpylRx9gGuLeDfynBDEd8QfQkk
2024-04-24 21:48:19,743 - INFO - extra header detail {'x-user-name': 'bilal', 'x-os': 'Linux', 'x-system-started-time': (1713813696.0, '22/04/2024, 21:21:36')}
2024-04-24 21:48:19,764 - INFO - dected screens [{'left': 0, 'top': 0, 'width': 1280, 'height': 720}]
2024-04-24 21:48:19,764 - INFO - Data sent to server
2024-04-24 21:48:20,570 - INFO - Client disconnected: ('::1', 8006, 0, 0), received 1011 (internal error); then sent 1011 (internal error)
2024-04-24 21:49:34,989 - INFO - Client connected to ws://localhost:8006/ws/_Q3MfcCX2eyA6QXUeMJcFehOFmYWgCxq1DaJNjXe4zc
2024-04-24 21:49:34,989 - INFO - extra header detail {'x-user-name': 'bilal', 'x-os': 'Linux', 'x-system-started-time': (1713813696.0, '22/04/2024, 21:21:36')}
2024-04-24 21:49:35,009 - INFO - dected screens [{'left': 0, 'top': 0, 'width': 1280, 'height': 720}]
2024-04-24 21:49:35,009 - INFO - Data sent to server
2024-04-24 21:49:35,319 - INFO - Client disconnected: ('::1', 8006, 0, 0), received 1011 (internal error); then sent 1011 (internal error)
2024-04-24 21:49:54,965 - INFO - Client connected to ws://localhost:8006/ws/KfnEWZgsuFCl5cDiajBjVhuVsDyQirTzS5nFW7T54M4
2024-04-24 21:49:54,965 - INFO - extra header detail {'x-user-name': 'bilal', 'x-os': 'Linux', 'x-system-started-time': (1713813696.0, '22/04/2024, 21:21:36')}
2024-04-24 21:49:54,983 - INFO - dected screens [{'left': 0, 'top': 0, 'width': 1280, 'height': 720}]
2024-04-24 21:49:54,984 - INFO - Data sent to server
2024-04-24 21:49:55,276 - INFO - Client disconnected: ('::1', 8006, 0, 0), received 1011 (internal error); then sent 1011 (internal error)
2024-04-24 21:50:21,274 - INFO - Client connected to ws://localhost:8006/ws/B1z2NIS0IGgq9ZR4NBe1GWKdk5vMUfqY3ybdQnRdsTc
2024-04-24 21:50:21,274 - INFO - extra header detail {'x-user-name': 'bilal', 'x-os': 'Linux', 'x-system-started-time': (1713813696.0, '22/04/2024, 21:21:36')}
2024-04-24 21:50:21,293 - INFO - dected screens [{'left': 0, 'top': 0, 'width': 1280, 'height': 720}]
2024-04-24 21:50:22,154 - INFO - Data sent to server
2024-04-24 21:50:22,447 - INFO - Client disconnected: ('::1', 8006, 0, 0), received 1011 (internal error); then sent 1011 (internal error)
2024-04-24 21:52:32,166 - INFO - Client connected to ws://localhost:8006/ws/wPqFbQt_2IFbeBXgVjFl93P2EFPkvY7MfiXIOcgGgAs
2024-04-24 21:52:32,166 - INFO - extra header detail {'x-user-name': 'bilal', 'x-os': 'Linux', 'x-system-started-time': (1713813696.0, '22/04/2024, 21:21:36')}
2024-04-24 21:52:32,188 - INFO - dected screens [{'left': 0, 'top': 0, 'width': 1280, 'height': 720}]
2024-04-24 21:52:32,188 - INFO - Data sent to server
2024-04-24 21:52:32,464 - INFO - Client disconnected: ('::1', 8006, 0, 0), received 1011 (internal error); then sent 1011 (internal error)
2024-04-24 21:53:03,115 - INFO - Client connected to ws://localhost:8006/ws/855Qik5cwp1WGKO8KVf3NFaY1dJCAIeETT0fkET-aas
2024-04-24 21:53:03,115 - INFO - extra header detail {'x-user-name': 'bilal', 'x-os': 'Linux', 'x-system-started-time': (1713813696.0, '22/04/2024, 21:21:36')}
2024-04-24 21:53:03,130 - INFO - dected screens [{'left': 0, 'top': 0, 'width': 1280, 'height': 720}]
2024-04-24 21:53:03,130 - INFO - Data sent to server
2024-04-24 21:53:03,505 - INFO - Client disconnected: ('::1', 8006, 0, 0), received 1011 (internal error); then sent 1011 (internal error)
2024-04-24 21:57:41,331 - INFO - Client connected to ws://localhost:8006/ws/RyuJ2jO83LarjDJiOYuX5pS1I3E_Mgrc7nXMrIiqdH8
2024-04-24 21:57:41,332 - INFO - extra header detail {'x-user-name': 'bilal', 'x-os': 'Linux', 'x-system-started-time': (1713813696.0, '22/04/2024, 21:21:36')}
2024-04-24 21:57:41,351 - INFO - dected screens [{'left': 0, 'top': 0, 'width': 1280, 'height': 720}]
2024-04-24 21:57:41,351 - INFO - Data sent to server
2024-04-24 21:57:41,627 - INFO - Client disconnected: ('::1', 8006, 0, 0), received 1011 (internal error); then sent 1011 (internal error)
2024-04-24 21:58:04,261 - INFO - Client connected to ws://localhost:8006/ws/ZwZQeOIb7YmGhLSN8KMKP3A9owG3Int6sBKmioPkc8Y
2024-04-24 21:58:04,261 - INFO - extra header detail {'x-user-name': 'bilal', 'x-os': 'Linux', 'x-system-started-time': (1713813696.0, '22/04/2024, 21:21:36')}
2024-04-24 21:58:04,278 - INFO - dected screens [{'left': 0, 'top': 0, 'width': 1280, 'height': 720}]
2024-04-24 21:58:04,278 - INFO - Data sent to server
2024-04-24 21:58:04,555 - INFO - Client disconnected: ('::1', 8006, 0, 0), received 1011 (internal error); then sent 1011 (internal error)
2024-04-24 21:58:39,734 - INFO - Client connected to ws://localhost:8006/ws/vnF9_Ki6mqNqLNR5XmXMiKBLHuNZVzOvYSRSd81bJeo
2024-04-24 21:58:39,734 - INFO - extra header detail {'x-user-name': 'bilal', 'x-os': 'Linux', 'x-system-started-time': (1713813696.0, '22/04/2024, 21:21:36')}
2024-04-24 21:58:39,752 - INFO - dected screens [{'left': 0, 'top': 0, 'width': 1280, 'height': 720}]
2024-04-24 21:58:39,752 - INFO - Data sent to server
2024-04-24 21:58:40,045 - INFO - Client disconnected: ('::1', 8006, 0, 0), received 1011 (internal error); then sent 1011 (internal error)
2024-04-24 21:59:02,072 - INFO - Client connected to ws://localhost:8006/ws/qS8h6g67iT_LDeKORRxMIj_j1Nazgd_8SBZUobEZrxI
2024-04-24 21:59:02,072 - INFO - extra header detail {'x-user-name': 'bilal', 'x-os': 'Linux', 'x-system-started-time': (1713813696.0, '22/04/2024, 21:21:36')}
2024-04-24 21:59:02,092 - INFO - dected screens [{'left': 0, 'top': 0, 'width': 1280, 'height': 720}]
2024-04-24 21:59:03,572 - INFO - Data sent to server
2024-04-24 21:59:03,855 - INFO - Client disconnected: ('::1', 8006, 0, 0), received 1011 (internal error); then sent 1011 (internal error)
2024-04-24 22:18:45,835 - INFO - Client connected to ws://localhost:8006/ws/lNfmP9NDJToiGbIV9fc-N-aFMMV5kvcOjxMhVxqB5QI
2024-04-24 22:18:45,835 - INFO - extra header detail {'x-user-name': 'bilal', 'x-os': 'Linux', 'x-system-started-time': (1713813695.0, '22/04/2024, 21:21:35')}
2024-04-24 22:18:45,855 - INFO - dected screens [{'left': 0, 'top': 0, 'width': 1280, 'height': 720}]
2024-04-24 22:18:45,855 - INFO - Data sent to server
2024-04-24 22:18:46,135 - INFO - Client disconnected: ('::1', 8006, 0, 0), received 1011 (internal error); then sent 1011 (internal error)
2024-04-24 22:19:36,871 - INFO - Client connected to ws://localhost:8006/ws/pRRyPcs9pQDKDLXORDy178DvzMzfXRFkuidwMRIFroo
2024-04-24 22:19:36,871 - INFO - extra header detail {'x-user-name': 'bilal', 'x-os': 'Linux', 'x-system-started-time': (1713813695.0, '22/04/2024, 21:21:35')}
2024-04-24 22:19:36,889 - INFO - dected screens [{'left': 0, 'top': 0, 'width': 1280, 'height': 720}]
2024-04-24 22:19:36,889 - INFO - Data sent to server
2024-04-24 22:19:37,178 - INFO - Client disconnected: ('::1', 8006, 0, 0), received 1011 (internal error); then sent 1011 (internal error)
2024-04-24 22:19:58,394 - INFO - Client connected to ws://localhost:8006/ws/SZeVS0JMUKQhsFeK2N39rneI-gqbMuAaFovb6F0L3zs
2024-04-24 22:19:58,394 - INFO - extra header detail {'x-user-name': 'bilal', 'x-os': 'Linux', 'x-system-started-time': (1713813695.0, '22/04/2024, 21:21:35')}
2024-04-24 22:19:58,415 - INFO - dected screens [{'left': 0, 'top': 0, 'width': 1280, 'height': 720}]
2024-04-24 22:19:58,415 - INFO - Data sent to server
2024-04-24 22:19:58,693 - INFO - Client disconnected: ('::1', 8006, 0, 0), received 1011 (internal error); then sent 1011 (internal error)
2024-04-24 22:20:08,064 - INFO - Client connected to ws://localhost:8006/ws/ZT7lNUMl1uqqYRNQbt9TdI3ASm9y-e0zLVd5wWR3rV0
2024-04-24 22:20:08,064 - INFO - extra header detail {'x-user-name': 'bilal', 'x-os': 'Linux', 'x-system-started-time': (1713813695.0, '22/04/2024, 21:21:35')}
2024-04-24 22:20:08,085 - INFO - dected screens [{'left': 0, 'top': 0, 'width': 1280, 'height': 720}]
2024-04-24 22:20:08,085 - INFO - Data sent to server
2024-04-24 22:20:08,363 - INFO - Client disconnected: ('::1', 8006, 0, 0), received 1011 (internal error); then sent 1011 (internal error)
2024-04-24 22:20:22,081 - INFO - Client connected to ws://localhost:8006/ws/ATtcALLldbKEJyrS4HsWlCYTZr5wNOQ9dt6pCjbbU9g
2024-04-24 22:20:22,082 - INFO - extra header detail {'x-user-name': 'bilal', 'x-os': 'Linux', 'x-system-started-time': (1713813695.0, '22/04/2024, 21:21:35')}
2024-04-24 22:20:22,099 - INFO - dected screens [{'left': 0, 'top': 0, 'width': 1280, 'height': 720}]
2024-04-24 22:20:22,099 - INFO - Data sent to server
2024-04-24 22:20:22,377 - INFO - Client disconnected: ('::1', 8006, 0, 0), received 1011 (internal error); then sent 1011 (internal error)
2024-04-24 22:28:08,590 - INFO - Client connected to ws://localhost:8006/ws/BOqvSpGPBaZHrtlUXpqA2bdmDpayfLutlKtyyitoSiI
2024-04-24 22:28:08,591 - INFO - extra header detail {'x-user-name': 'bilal', 'x-os': 'Linux', 'x-system-started-time': (1713813695.0, '22/04/2024, 21:21:35')}
2024-04-24 22:28:08,608 - INFO - dected screens [{'left': 0, 'top': 0, 'width': 1280, 'height': 720}]
2024-04-24 22:28:08,608 - INFO - Data sent to server
2024-04-24 22:28:08,945 - INFO - Client disconnected: ('::1', 8006, 0, 0), received 1011 (internal error); then sent 1011 (internal error)
2024-04-24 22:28:33,392 - INFO - Client connected to ws://localhost:8006/ws/m0R6uj_eEFfUFhzTI-UbK6asIvcr__B5QK7DEHHz7dI
2024-04-24 22:28:33,392 - INFO - extra header detail {'x-user-name': 'bilal', 'x-os': 'Linux', 'x-system-started-time': (1713813695.0, '22/04/2024, 21:21:35')}
2024-04-24 22:28:33,411 - INFO - dected screens [{'left': 0, 'top': 0, 'width': 1280, 'height': 720}]
2024-04-24 22:28:33,411 - INFO - Data sent to server
2024-04-24 22:28:33,683 - INFO - Client disconnected: ('::1', 8006, 0, 0), received 1011 (internal error); then sent 1011 (internal error)
2024-04-24 22:32:19,390 - INFO - Client connected to ws://localhost:8006/ws/D2uykOF-ZtCoKgF0K1sAGDMGnwepbs7VKIQr068Kl3o
2024-04-24 22:32:19,390 - INFO - extra header detail {'x-user-name': 'bilal', 'x-os': 'Linux', 'x-system-started-time': (1713813695.0, '22/04/2024, 21:21:35')}
2024-04-24 22:32:19,409 - INFO - dected screens [{'left': 0, 'top': 0, 'width': 1280, 'height': 720}]
2024-04-24 22:32:19,409 - INFO - Data sent to server
2024-04-24 22:32:19,702 - INFO - Client disconnected: ('::1', 8006, 0, 0), received 1011 (internal error); then sent 1011 (internal error)
2024-04-24 22:33:05,380 - INFO - Client connected to ws://localhost:8006/ws/Ps2xyXkII2-8_QX3A0vyPabyaXTup13N8-dwRbEyi1A
2024-04-24 22:33:05,380 - INFO - extra header detail {'x-user-name': 'bilal', 'x-os': 'Linux', 'x-system-started-time': (1713813695.0, '22/04/2024, 21:21:35')}
2024-04-24 22:33:05,401 - INFO - dected screens [{'left': 0, 'top': 0, 'width': 1280, 'height': 720}]
2024-04-24 22:33:05,401 - INFO - Data sent to server
2024-04-24 22:33:21,242 - INFO - Client disconnected: ('::1', 8006, 0, 0), no close frame received or sent
2024-04-24 22:33:30,332 - INFO - Client connected to ws://localhost:8006/ws/IeWan8ouu2JOaaOpeFStlG1S8PmdS79331b59NArzhk
2024-04-24 22:33:30,332 - INFO - extra header detail {'x-user-name': 'bilal', 'x-os': 'Linux', 'x-system-started-time': (1713813695.0, '22/04/2024, 21:21:35')}
2024-04-24 22:33:30,353 - INFO - dected screens [{'left': 0, 'top': 0, 'width': 1280, 'height': 720}]
2024-04-24 22:33:30,353 - INFO - Data sent to server
2024-04-24 22:34:31,532 - INFO - Client disconnected: ('::1', 8006, 0, 0), no close frame received or sent
2024-04-24 22:35:31,727 - INFO - Client connected to ws://localhost:8006/ws/1kzojo_CfV4a5pUIOLm83gbcM0mYJUapU35TU02bhGQ
2024-04-24 22:35:31,727 - INFO - extra header detail {'x-user-name': 'bilal', 'x-os': 'Linux', 'x-system-started-time': (1713813695.0, '22/04/2024, 21:21:35')}
2024-04-24 22:35:31,744 - INFO - dected screens [{'left': 0, 'top': 0, 'width': 1280, 'height': 720}]
2024-04-24 22:35:31,744 - INFO - Data sent to server
2024-04-24 22:36:25,415 - INFO - Client disconnected: ('::1', 8006, 0, 0), no close frame received or sent
2024-04-24 22:36:30,615 - INFO - Client connected to ws://localhost:8006/ws/RDqEFE_umeNQTivsQ8TGSCDmK4FpoCiEyy8Zy07akgQ
2024-04-24 22:36:30,615 - INFO - extra header detail {'x-user-name': 'bilal', 'x-os': 'Linux', 'x-system-started-time': (1713813695.0, '22/04/2024, 21:21:35')}
2024-04-24 22:36:30,634 - INFO - dected screens [{'left': 0, 'top': 0, 'width': 1280, 'height': 720}]
2024-04-24 22:36:30,634 - INFO - Data sent to server
2024-04-24 22:36:49,654 - INFO - Client disconnected: ('::1', 8006, 0, 0), no close frame received or sent
2024-04-24 22:37:34,597 - INFO - Client connected to ws://localhost:8006/ws/4I1BuouP5Nbv1lnAp4lY9lDUXFcUelHA7KnNvWwM6C0
2024-04-24 22:37:34,598 - INFO - extra header detail {'x-user-name': 'bilal', 'x-os': 'Linux', 'x-system-started-time': (1713813695.0, '22/04/2024, 21:21:35')}
2024-04-24 22:37:34,615 - INFO - dected screens [{'left': 0, 'top': 0, 'width': 1280, 'height': 720}]
2024-04-24 22:37:34,616 - INFO - Data sent to server
2024-04-24 22:38:04,169 - INFO - Client connected to ws://localhost:8006/ws/fGIJrK2tdT-5lV70FSr7p9HO5zwWoB17iJ7ekrvVSb8
2024-04-24 22:38:04,169 - INFO - extra header detail {'x-user-name': 'bilal', 'x-os': 'Linux', 'x-system-started-time': (1713813695.0, '22/04/2024, 21:21:35')}
2024-04-24 22:38:04,191 - INFO - dected screens [{'left': 0, 'top': 0, 'width': 1280, 'height': 720}]
2024-04-24 22:38:04,191 - INFO - Data sent to server
2024-04-24 22:39:34,192 - INFO - Client connected to ws://localhost:8006/ws/pJawXvQ9tvdLGVEQjvveBoDvOZlx1qwxaCTfs8hS1gk
2024-04-24 22:39:34,192 - INFO - extra header detail {'x-user-name': 'bilal', 'x-os': 'Linux', 'x-system-started-time': (1713813695.0, '22/04/2024, 21:21:35')}
2024-04-24 22:39:34,209 - INFO - dected screens [{'left': 0, 'top': 0, 'width': 1280, 'height': 720}]
2024-04-24 22:39:34,209 - INFO - Data sent to server
2024-04-24 22:39:46,222 - INFO - Client disconnected: ('::1', 8006, 0, 0), no close frame received or sent
2024-04-24 22:40:29,783 - INFO - Client connected to ws://localhost:8006/ws/zDA1vPbgm7fF6j1yimguUQPfV2-yBP3oWWtjMXPJNmI
2024-04-24 22:40:29,783 - INFO - extra header detail {'x-user-name': 'bilal', 'x-os': 'Linux', 'x-system-started-time': (1713813695.0, '22/04/2024, 21:21:35')}
2024-04-24 22:40:29,805 - INFO - dected screens [{'left': 0, 'top': 0, 'width': 1280, 'height': 720}]
2024-04-24 22:40:29,805 - INFO - Data sent to server
2024-04-24 22:40:38,339 - INFO - Client disconnected: ('::1', 8006, 0, 0), received 1011 (internal error); then sent 1011 (internal error)
2024-04-24 22:41:15,385 - INFO - Client connected to ws://localhost:8006/ws/JbhYRimX8HnBGV62Z7fenm44P8l4JPZ0C75gC1iZy1k
2024-04-24 22:41:15,385 - INFO - extra header detail {'x-user-name': 'bilal', 'x-os': 'Linux', 'x-system-started-time': (1713813695.0, '22/04/2024, 21:21:35')}
2024-04-24 22:41:15,405 - INFO - dected screens [{'left': 0, 'top': 0, 'width': 1280, 'height': 720}]
2024-04-24 22:41:15,405 - INFO - Data sent to server
2024-04-24 22:50:33,322 - INFO - Client connected to ws://localhost:8006/ws/e6-CX4HDi_EMukPCMj2hpKTNHLYErxvBLYc-78-Re30
2024-04-24 22:50:33,322 - INFO - extra header detail {'x-user-name': 'bilal', 'x-os': 'Linux', 'x-system-started-time': (1713813695.0, '22/04/2024, 21:21:35')}
2024-04-24 22:50:33,343 - INFO - dected screens [{'left': 0, 'top': 0, 'width': 1280, 'height': 720}]
2024-04-24 22:50:33,343 - INFO - Data sent to server
2024-04-24 22:52:01,551 - INFO - Client disconnected: ('::1', 8006, 0, 0), no close frame received or sent
2024-04-24 22:54:32,944 - INFO - Client connected to ws://localhost:8006/ws/rIlTzh8yNhpP60x0F3GTxzVmGhepT-oLUiAVj5OcSUE
2024-04-24 22:54:32,944 - INFO - extra header detail {'x-user-name': 'bilal', 'x-os': 'Linux', 'x-system-started-time': (1713813695.0, '22/04/2024, 21:21:35')}
2024-04-24 22:54:32,962 - INFO - dected screens [{'left': 0, 'top': 0, 'width': 1280, 'height': 720}]
2024-04-24 22:54:32,962 - INFO - Data sent to server
2024-04-24 22:54:57,910 - INFO - Client disconnected: ('::1', 8006, 0, 0), no close frame received or sent
2024-04-24 22:55:00,316 - INFO - Client connected to ws://localhost:8006/ws/YkkXT5q5UYQS2A5rjF2LXkn7uxJnc_UWR8oaNSDUPWM
2024-04-24 22:55:00,317 - INFO - extra header detail {'x-user-name': 'bilal', 'x-os': 'Linux', 'x-system-started-time': (1713813695.0, '22/04/2024, 21:21:35')}
2024-04-24 22:55:00,333 - INFO - dected screens [{'left': 0, 'top': 0, 'width': 1280, 'height': 720}]
2024-04-24 22:55:00,333 - INFO - Data sent to server
2024-04-24 22:55:26,317 - INFO - Client disconnected: ('::1', 8006, 0, 0), no close frame received or sent
2024-04-24 22:55:31,065 - INFO - Client connected to ws://localhost:8006/ws/7SHi5QYbZ55NBse70VUz6smDzvbmfBZrSWaWt9qJJ4w
2024-04-24 22:55:31,065 - INFO - extra header detail {'x-user-name': 'bilal', 'x-os': 'Linux', 'x-system-started-time': (1713813695.0, '22/04/2024, 21:21:35')}
2024-04-24 22:55:31,087 - INFO - dected screens [{'left': 0, 'top': 0, 'width': 1280, 'height': 720}]
2024-04-24 22:55:31,087 - INFO - Data sent to server
2024-04-24 22:56:06,322 - INFO - Client disconnected: ('::1', 8006, 0, 0), no close frame received or sent
2024-04-24 22:56:12,655 - INFO - Client connected to ws://localhost:8006/ws/8OzqQ0-kitBmo3dRAnrcdzKfapQhaFJV5Dqgh398lbA
2024-04-24 22:56:12,655 - INFO - extra header detail {'x-user-name': 'bilal', 'x-os': 'Linux', 'x-system-started-time': (1713813695.0, '22/04/2024, 21:21:35')}
2024-04-24 22:56:12,678 - INFO - dected screens [{'left': 0, 'top': 0, 'width': 1280, 'height': 720}]
2024-04-24 22:56:12,678 - INFO - Data sent to server
2024-04-24 22:57:12,912 - INFO - Client disconnected: ('::1', 8006, 0, 0), no close frame received or sent
2024-04-24 23:04:43,682 - INFO - Client connected to ws://localhost:8006/ws/HI-YKlLx7O6GQfcej-6Et9dudLVsIj2Na-9AXZEtEDo
2024-04-24 23:04:43,682 - INFO - extra header detail {'x-user-name': 'bilal', 'x-os': 'Linux', 'x-system-started-time': (1713813695.0, '22/04/2024, 21:21:35')}
2024-04-24 23:04:43,698 - INFO - dected screens [{'left': 0, 'top': 0, 'width': 1280, 'height': 720}]
2024-04-24 23:04:43,698 - INFO - Data sent to server
2024-04-24 23:04:43,965 - INFO - Client disconnected: ('::1', 8006, 0, 0), received 1011 (internal error); then sent 1011 (internal error)
2024-04-24 23:10:23,418 - INFO - Client connected to ws://localhost:8006/ws/o1dkIjzqk40EGQjCCT--kelY9sKLTuOtUF71FPx4c28
2024-04-24 23:10:23,418 - INFO - extra header detail {'x-user-name': 'bilal', 'x-os': 'Linux', 'x-system-started-time': (1713813695.0, '22/04/2024, 21:21:35')}
2024-04-24 23:10:23,435 - INFO - dected screens [{'left': 0, 'top': 0, 'width': 1280, 'height': 720}]
2024-04-24 23:10:23,435 - INFO - Data sent to server
2024-04-24 23:10:23,718 - INFO - Client disconnected: ('::1', 8006, 0, 0), received 1011 (internal error); then sent 1011 (internal error)
2024-04-24 23:11:20,899 - INFO - Client connected to ws://localhost:8006/ws/A-Y92NY2nBlKNe-GtKf_TsOPj2Ylsrx5frWsRZYBkw4
2024-04-24 23:11:20,900 - INFO - extra header detail {'x-user-name': 'bilal', 'x-os': 'Linux', 'x-system-started-time': (1713813695.0, '22/04/2024, 21:21:35')}
2024-04-24 23:11:20,927 - INFO - dected screens [{'left': 0, 'top': 0, 'width': 1280, 'height': 720}]
2024-04-24 23:11:20,927 - INFO - Data sent to server
2024-04-24 23:11:21,203 - INFO - Client disconnected: ('::1', 8006, 0, 0), received 1011 (internal error); then sent 1011 (internal error)
2024-04-24 23:11:57,989 - INFO - Client connected to ws://localhost:8006/ws/x1inDfQVnMYlEzSDOIpU6KvMBD-Th0uIrTJw3S0Ok44
2024-04-24 23:11:57,990 - INFO - extra header detail {'x-user-name': 'bilal', 'x-os': 'Linux', 'x-system-started-time': (1713813695.0, '22/04/2024, 21:21:35')}
2024-04-24 23:11:58,007 - INFO - dected screens [{'left': 0, 'top': 0, 'width': 1280, 'height': 720}]
2024-04-24 23:11:58,007 - INFO - Data sent to server
2024-04-24 23:11:58,291 - INFO - Client disconnected: ('::1', 8006, 0, 0), received 1011 (internal error); then sent 1011 (internal error)
2024-04-24 23:24:00,733 - INFO - Client connected to ws://localhost:8006/ws/C7TaQFcv_xROZMjabIYCbi7wTAl6UTJUpnXltJwoL7U
2024-04-24 23:24:00,733 - INFO - extra header detail {'x-user-name': 'bilal', 'x-os': 'Linux', 'x-system-started-time': (1713813695.0, '22/04/2024, 21:21:35')}
2024-04-24 23:24:00,754 - INFO - dected screens [{'left': 0, 'top': 0, 'width': 1280, 'height': 720}]
2024-04-24 23:24:00,754 - INFO - Data sent to server
2024-04-24 23:24:44,618 - INFO - Client disconnected: ('::1', 8006, 0, 0), no close frame received or sent
2024-04-24 23:32:30,444 - INFO - Client connected to ws://localhost:8006/ws/2HJOCP-nirduvYXxlHchAzfqPEaR7FJrIURLDlAmbbE
2024-04-24 23:32:30,444 - INFO - extra header detail {'x-user-name': 'bilal', 'x-os': 'Linux', 'x-system-started-time': (1713813695.0, '22/04/2024, 21:21:35')}
2024-04-24 23:32:30,463 - INFO - dected screens [{'left': 0, 'top': 0, 'width': 1280, 'height': 720}]
2024-04-24 23:32:30,463 - INFO - Data sent to server
2024-04-24 23:32:30,756 - INFO - Client disconnected: ('::1', 8006, 0, 0), received 1011 (internal error); then sent 1011 (internal error)
2024-04-24 23:33:03,707 - INFO - Client connected to ws://localhost:8006/ws/3HXA_6BQkuNQHakBUzUA7vWZ7ibB_nbgV-dV_woj_7E
2024-04-24 23:33:03,707 - INFO - extra header detail {'x-user-name': 'bilal', 'x-os': 'Linux', 'x-system-started-time': (1713813695.0, '22/04/2024, 21:21:35')}
2024-04-24 23:33:03,726 - INFO - dected screens [{'left': 0, 'top': 0, 'width': 1280, 'height': 720}]
2024-04-24 23:33:03,726 - INFO - Data sent to server
2024-04-24 23:33:04,013 - INFO - Client disconnected: ('::1', 8006, 0, 0), received 1011 (internal error); then sent 1011 (internal error)
2024-04-24 23:33:29,766 - INFO - Client connected to ws://localhost:8006/ws/-GxdSUR0P9GGYnra2VwwoCKM4W0vDp4ZcN6XZ50H0GI
2024-04-24 23:33:29,766 - INFO - extra header detail {'x-user-name': 'bilal', 'x-os': 'Linux', 'x-system-started-time': (1713813695.0, '22/04/2024, 21:21:35')}
2024-04-24 23:33:29,787 - INFO - dected screens [{'left': 0, 'top': 0, 'width': 1280, 'height': 720}]
2024-04-24 23:33:29,787 - INFO - Data sent to server
2024-04-24 23:33:30,083 - INFO - Client disconnected: ('::1', 8006, 0, 0), received 1011 (internal error); then sent 1011 (internal error)
2024-04-24 23:33:46,638 - INFO - Client connected to ws://localhost:8006/ws/W8dl0FP9qNyi9WdUng4jMp2zCb8Vevcxmg1ai8cdZwA
2024-04-24 23:33:46,638 - INFO - extra header detail {'x-user-name': 'bilal', 'x-os': 'Linux', 'x-system-started-time': (1713813695.0, '22/04/2024, 21:21:35')}
2024-04-24 23:33:46,660 - INFO - dected screens [{'left': 0, 'top': 0, 'width': 1280, 'height': 720}]
2024-04-24 23:33:46,661 - INFO - Data sent to server
2024-04-24 23:33:46,965 - INFO - Client disconnected: ('::1', 8006, 0, 0), received 1011 (internal error); then sent 1011 (internal error)
2024-04-24 23:34:10,257 - INFO - Client connected to ws://localhost:8006/ws/txGn1Eeq3YjYfR-muUlrXwaRXmEJ2riXp0RRF2fjzck
2024-04-24 23:34:10,257 - INFO - extra header detail {'x-user-name': 'bilal', 'x-os': 'Linux', 'x-system-started-time': (1713813695.0, '22/04/2024, 21:21:35')}
2024-04-24 23:34:10,276 - INFO - dected screens [{'left': 0, 'top': 0, 'width': 1280, 'height': 720}]
2024-04-24 23:34:10,276 - INFO - Data sent to server
2024-04-24 23:34:10,566 - INFO - Client disconnected: ('::1', 8006, 0, 0), received 1011 (internal error); then sent 1011 (internal error)
2024-04-24 23:35:15,641 - INFO - Client connected to ws://localhost:8006/ws/4IuSsdXpj3w9z51IeX02ZGacGYM-OluLN3EGaNpN1D8
2024-04-24 23:35:15,641 - INFO - extra header detail {'x-user-name': 'bilal', 'x-os': 'Linux', 'x-system-started-time': (1713813695.0, '22/04/2024, 21:21:35')}
2024-04-24 23:35:15,662 - INFO - dected screens [{'left': 0, 'top': 0, 'width': 1280, 'height': 720}]
2024-04-24 23:35:15,662 - INFO - Data sent to server
2024-04-24 23:35:15,950 - INFO - Client disconnected: ('::1', 8006, 0, 0), received 1011 (internal error); then sent 1011 (internal error)
2024-04-24 23:35:44,267 - INFO - Client connected to ws://localhost:8006/ws/xg0_gSvhKebxQ7_PhORfv2r1RwerLPwvZXeezT93r3Q
2024-04-24 23:35:44,267 - INFO - extra header detail {'x-user-name': 'bilal', 'x-os': 'Linux', 'x-system-started-time': (1713813695.0, '22/04/2024, 21:21:35')}
2024-04-24 23:35:44,282 - INFO - dected screens [{'left': 0, 'top': 0, 'width': 1280, 'height': 720}]
2024-04-24 23:35:44,282 - INFO - Data sent to server
2024-04-24 23:35:44,575 - INFO - Client disconnected: ('::1', 8006, 0, 0), received 1011 (internal error); then sent 1011 (internal error)
2024-04-24 23:37:41,942 - INFO - Client connected to ws://localhost:8006/ws/_yvq3MFflaj0p3jCtlX5Y7QH-3w01jd4T4G4gZE1KO8/client
2024-04-24 23:37:41,942 - INFO - extra header detail {'x-user-name': 'bilal', 'x-os': 'Linux', 'x-system-started-time': (1713813695.0, '22/04/2024, 21:21:35')}
2024-04-24 23:37:41,966 - INFO - dected screens [{'left': 0, 'top': 0, 'width': 1280, 'height': 720}]
2024-04-24 23:37:41,966 - INFO - Data sent to server
2024-04-24 23:37:42,253 - INFO - Client disconnected: ('::1', 8006, 0, 0), received 1011 (internal error); then sent 1011 (internal error)
2024-04-24 23:38:45,239 - INFO - Client connected to ws://localhost:8006/ws/hzcOzT_pwoG9FAAiQOwV4py-Yb7b9j07Lnj51OiFBIQ/client
2024-04-24 23:38:45,239 - INFO - extra header detail {'x-user-name': 'bilal', 'x-os': 'Linux', 'x-system-started-time': (1713813695.0, '22/04/2024, 21:21:35')}
2024-04-24 23:38:45,256 - INFO - dected screens [{'left': 0, 'top': 0, 'width': 1280, 'height': 720}]
2024-04-24 23:38:45,256 - INFO - Data sent to server
2024-04-24 23:38:45,546 - INFO - Client disconnected: ('::1', 8006, 0, 0), received 1011 (internal error); then sent 1011 (internal error)
2024-04-24 23:40:37,020 - INFO - Client connected to ws://localhost:8006/ws/jgYnbI3J5r222iuWdaT1vwJ3z27kAaib0A7waQDs6Yo/client
2024-04-24 23:40:37,021 - INFO - extra header detail {'x-user-name': 'bilal', 'x-os': 'Linux', 'x-system-started-time': (1713813695.0, '22/04/2024, 21:21:35')}
2024-04-24 23:40:37,036 - INFO - dected screens [{'left': 0, 'top': 0, 'width': 1280, 'height': 720}]
2024-04-24 23:40:37,036 - INFO - Data sent to server
2024-04-24 23:41:38,267 - INFO - Client connected to ws://localhost:8006/ws/YMO00wotOp0uz6synMlqbhC0lD81Wj5zViyg-4Z0j3Y/client
2024-04-24 23:41:38,267 - INFO - extra header detail {'x-user-name': 'bilal', 'x-os': 'Linux', 'x-system-started-time': (1713813695.0, '22/04/2024, 21:21:35')}
2024-04-24 23:41:38,294 - INFO - dected screens [{'left': 0, 'top': 0, 'width': 1280, 'height': 720}]
2024-04-24 23:41:38,294 - INFO - Data sent to server
2024-04-24 23:41:59,050 - INFO - Client disconnected: ('::1', 8006, 0, 0), no close frame received or sent
2024-04-24 23:42:40,396 - INFO - Client connected to ws://localhost:8006/ws/_BNCzza0kPI6L2u3G3U6eDpi7MvZB7PtjmLl_Kw58Yw/client
2024-04-24 23:42:40,396 - INFO - extra header detail {'x-user-name': 'bilal', 'x-os': 'Linux', 'x-system-started-time': (1713813695.0, '22/04/2024, 21:21:35')}
2024-04-24 23:42:40,414 - INFO - dected screens [{'left': 0, 'top': 0, 'width': 1280, 'height': 720}]
2024-04-24 23:42:40,414 - INFO - Data sent to server
2024-04-24 23:42:51,152 - INFO - Client disconnected: ('::1', 8006, 0, 0), no close frame received or sent
2024-04-24 23:46:37,334 - INFO - Client connected to ws://localhost:8006/ws/1em9fjS_50gIp9AbuDVJlDgvB-JJ8ju7dT5z9icLVa0/client
2024-04-24 23:46:37,335 - INFO - extra header detail {'x-user-name': 'bilal', 'x-os': 'Linux', 'x-system-started-time': (1713813695.0, '22/04/2024, 21:21:35')}
2024-04-24 23:46:37,352 - INFO - dected screens [{'left': 0, 'top': 0, 'width': 1280, 'height': 720}]
2024-04-24 23:46:37,352 - INFO - Data sent to server
2024-04-24 23:46:37,630 - INFO - Client disconnected: ('::1', 8006, 0, 0), received 1011 (internal error); then sent 1011 (internal error)
2024-04-24 23:48:30,468 - INFO - Client connected to ws://localhost:8006/ws/XFON8vE9whtjthWgYtVLUDRvO52bVAwOkWv6fb7PqEI/client
2024-04-24 23:48:30,468 - INFO - extra header detail {'x-user-name': 'bilal', 'x-os': 'Linux', 'x-system-started-time': (1713813695.0, '22/04/2024, 21:21:35')}
2024-04-24 23:48:30,485 - INFO - dected screens [{'left': 0, 'top': 0, 'width': 1280, 'height': 720}]
2024-04-24 23:48:30,485 - INFO - Data sent to server
2024-04-24 23:48:30,764 - INFO - Client disconnected: ('::1', 8006, 0, 0), received 1011 (internal error); then sent 1011 (internal error)
2024-04-24 23:52:34,701 - INFO - Client connected to ws://localhost:8006/ws/rpjbTZi3M1-lgg87jDCSZL1hinvJoAz2-6hdsJWFfZo/client
2024-04-24 23:52:34,701 - INFO - extra header detail {'x-user-name': 'bilal', 'x-os': 'Linux', 'x-system-started-time': (1713813695.0, '22/04/2024, 21:21:35')}
2024-04-24 23:52:34,719 - INFO - dected screens [{'left': 0, 'top': 0, 'width': 1280, 'height': 720}]
2024-04-24 23:52:34,719 - INFO - Data sent to server
2024-04-24 23:53:12,894 - INFO - Client disconnected: ('::1', 8006, 0, 0), no close frame received or sent
