2024-04-19 06:42:58,294 - INFO - Client connected to ws://localhost:8006/ws/P2aZWXioqLJAMr1JoUJZWsi4BU0k8HmX3-_evOA6Q4w
2024-04-19 06:42:58,294 - INFO - extra header detail {'x_user_name': 'bilal', 'x_os': 'Linux', 'x_system_started_time': (1713459913.0, '18/04/2024, 19:05:13')}
2024-04-19 06:42:58,324 - INFO - dected screens [{'left': 0, 'top': 0, 'width': 1280, 'height': 720}]
2024-04-19 06:42:58,324 - INFO - Data sent to server
2024-04-19 06:43:20,707 - INFO - Client connected to ws://localhost:8006/ws/YIJoYQHGyvXjYD1oOqaVyicvBxVxxZ45Rh0fDUcOZsI
2024-04-19 06:43:20,707 - INFO - extra header detail {'x_user_name': 'bilal', 'x_os': 'Linux', 'x_system_started_time': (1713459913.0, '18/04/2024, 19:05:13')}
2024-04-19 06:43:20,728 - INFO - dected screens [{'left': 0, 'top': 0, 'width': 1280, 'height': 720}]
2024-04-19 06:43:20,728 - INFO - Data sent to server
2024-04-19 06:48:39,060 - INFO - Client connected to ws://localhost:8006/ws/M5nB7sVb2s3aGDV938LFhAaxWkAhpT6PpXyiS4qqbUM
2024-04-19 06:48:39,061 - INFO - extra header detail {'x_user_name': 'bilal', 'x_os': 'Linux', 'x_system_started_time': (1713459913.0, '18/04/2024, 19:05:13')}
2024-04-19 06:48:39,082 - INFO - dected screens [{'left': 0, 'top': 0, 'width': 1280, 'height': 720}]
2024-04-19 06:48:39,082 - INFO - Data sent to server
2024-04-19 06:48:39,377 - INFO - Client disconnected: ('::1', 8006, 0, 0), received 1011 (internal error); then sent 1011 (internal error)
2024-04-19 22:42:40,460 - INFO - Client connected to ws://localhost:8006/ws/gezmb7lHYRhzu6uFEItxrlbRNEY7MNfxcmqXguI3R4s
2024-04-19 22:42:40,460 - INFO - extra header detail {'x_user_name': 'bilal', 'x_os': 'Linux', 'x_system_started_time': (1713459912.0, '18/04/2024, 19:05:12')}
2024-04-19 22:42:40,493 - INFO - dected screens [{'left': 0, 'top': 0, 'width': 1280, 'height': 720}]
2024-04-19 22:42:40,494 - INFO - Data sent to server
2024-04-19 22:42:40,803 - INFO - Client disconnected: ('::1', 8006, 0, 0), received 1011 (internal error); then sent 1011 (internal error)
2024-04-19 22:43:40,024 - INFO - Client connected to ws://localhost:8006/ws/bWp8ys0pfEHOOhULFc-zaZIvHIhjsGyHXnDWcaJS7mA
2024-04-19 22:43:40,024 - INFO - extra header detail {'x_user_name': 'bilal', 'x_os': 'Linux', 'x_system_started_time': (1713459912.0, '18/04/2024, 19:05:12')}
2024-04-19 22:43:40,047 - INFO - dected screens [{'left': 0, 'top': 0, 'width': 1280, 'height': 720}]
2024-04-19 22:43:40,047 - INFO - Data sent to server
2024-04-19 22:43:42,449 - INFO - Client disconnected: ('::1', 8006, 0, 0), received 1011 (internal error); then sent 1011 (internal error)
2024-04-19 22:44:40,184 - INFO - Client connected to ws://localhost:8006/ws/0VGVtgoMlfIv2KL_itu2YoqMnrBqjOTYpnZWM_GzbOs
2024-04-19 22:44:40,185 - INFO - extra header detail {'x_user_name': 'bilal', 'x_os': 'Linux', 'x_system_started_time': (1713459912.0, '18/04/2024, 19:05:12')}
2024-04-19 22:44:40,207 - INFO - dected screens [{'left': 0, 'top': 0, 'width': 1280, 'height': 720}]
2024-04-19 22:44:40,207 - INFO - Data sent to server
2024-04-19 22:44:40,494 - INFO - Client disconnected: ('::1', 8006, 0, 0), received 1011 (internal error); then sent 1011 (internal error)
2024-04-19 22:45:49,782 - INFO - Client connected to ws://localhost:8006/ws/jBm0SmLDkLPQ7uZSyURsRaACHL629kfhoSjP0onwr8w
2024-04-19 22:45:49,783 - INFO - extra header detail {'x_user_name': 'bilal', 'x_os': 'Linux', 'x_system_started_time': (1713459912.0, '18/04/2024, 19:05:12')}
2024-04-19 22:45:49,804 - INFO - dected screens [{'left': 0, 'top': 0, 'width': 1280, 'height': 720}]
2024-04-19 22:45:49,804 - INFO - Data sent to server
2024-04-19 22:45:50,116 - INFO - Client disconnected: ('::1', 8006, 0, 0), received 1011 (internal error); then sent 1011 (internal error)
2024-04-19 22:46:30,737 - INFO - Client connected to ws://localhost:8006/ws/75VBmM2z7o2Ge4MPt05oxzoPKtDWaKSdBTuNxm5N2pA
2024-04-19 22:46:30,737 - INFO - extra header detail {'x_user_name': 'bilal', 'x_os': 'Linux', 'x_system_started_time': (1713459912.0, '18/04/2024, 19:05:12')}
2024-04-19 22:46:30,762 - INFO - dected screens [{'left': 0, 'top': 0, 'width': 1280, 'height': 720}]
2024-04-19 22:46:30,763 - INFO - Data sent to server
2024-04-19 22:46:31,061 - INFO - Client disconnected: ('::1', 8006, 0, 0), received 1011 (internal error); then sent 1011 (internal error)
2024-04-19 22:47:33,107 - INFO - Client connected to ws://localhost:8006/ws/e-CoOnqXuP9IIbsUQJQ8g0S0ZyDqIpZ1tX_c5up4qoI
2024-04-19 22:47:33,108 - INFO - extra header detail {'x_user_name': 'bilal', 'x_os': 'Linux', 'x_system_started_time': (1713459912.0, '18/04/2024, 19:05:12')}
2024-04-19 22:47:33,128 - INFO - dected screens [{'left': 0, 'top': 0, 'width': 1280, 'height': 720}]
2024-04-19 22:47:33,128 - INFO - Data sent to server
2024-04-19 22:47:33,405 - INFO - Client disconnected: ('::1', 8006, 0, 0), received 1011 (internal error); then sent 1011 (internal error)
2024-04-19 22:48:15,237 - INFO - Client connected to ws://localhost:8006/ws/NCi_XnNWMPdvE3jP3hRlVVJDkCKzMMJtq8Ra4L15vxQ
2024-04-19 22:48:15,238 - INFO - extra header detail {'x_user_name': 'bilal', 'x_os': 'Linux', 'x_system_started_time': (1713459912.0, '18/04/2024, 19:05:12')}
2024-04-19 22:48:15,259 - INFO - dected screens [{'left': 0, 'top': 0, 'width': 1280, 'height': 720}]
2024-04-19 22:48:15,259 - INFO - Data sent to server
2024-04-19 22:48:15,550 - INFO - Client disconnected: ('::1', 8006, 0, 0), received 1011 (internal error); then sent 1011 (internal error)
2024-04-19 22:48:41,388 - INFO - Client connected to ws://localhost:8006/ws/nS-wrvO75A7WPQ5G2GgJNWOkGI6C9bknU2x-EEjx5r0
2024-04-19 22:48:41,388 - INFO - extra header detail {'x_user_name': 'bilal', 'x_os': 'Linux', 'x_system_started_time': (1713459912.0, '18/04/2024, 19:05:12')}
2024-04-19 22:48:41,411 - INFO - dected screens [{'left': 0, 'top': 0, 'width': 1280, 'height': 720}]
2024-04-19 22:48:41,411 - INFO - Data sent to server
2024-04-19 22:48:41,690 - INFO - Client disconnected: ('::1', 8006, 0, 0), received 1011 (internal error); then sent 1011 (internal error)
2024-04-19 22:49:34,213 - INFO - Client connected to ws://localhost:8006/ws/Pyqh8HmaUffdaQfm5iNTpL6EC0hlKwi7AfA0lTzhFn4
2024-04-19 22:49:34,213 - INFO - extra header detail {'x_user_name': 'bilal', 'x_os': 'Linux', 'x_system_started_time': (1713459912.0, '18/04/2024, 19:05:12')}
2024-04-19 22:49:34,255 - INFO - dected screens [{'left': 0, 'top': 0, 'width': 1280, 'height': 720}]
2024-04-19 22:49:34,256 - INFO - Data sent to server
2024-04-19 22:56:09,642 - INFO - Client disconnected: ('::1', 8006, 0, 0), no close frame received or sent
2024-04-19 22:56:58,663 - INFO - Client connected to ws://localhost:8006/ws/yFZ4D8BS7gljJB9HJQtlp0nULBeHldJQHucyoMR6JlM
2024-04-19 22:56:58,663 - INFO - extra header detail {'x_user_name': 'bilal', 'x_os': 'Linux', 'x_system_started_time': (1713459912.0, '18/04/2024, 19:05:12')}
2024-04-19 22:56:58,688 - INFO - dected screens [{'left': 0, 'top': 0, 'width': 1280, 'height': 720}]
2024-04-19 22:56:58,688 - INFO - Data sent to server
2024-04-19 22:57:11,239 - INFO - Client disconnected: ('::1', 8006, 0, 0), no close frame received or sent
2024-04-19 22:58:44,968 - INFO - Client connected to ws://localhost:8006/ws/45FDND96nQ-3NUi-sOXxXwBG0AEeZvLXeuRLeXE79A0
2024-04-19 22:58:44,968 - INFO - extra header detail {'x_user_name': 'bilal', 'x_os': 'Linux', 'x_system_started_time': (1713459912.0, '18/04/2024, 19:05:12')}
2024-04-19 22:58:44,993 - INFO - dected screens [{'left': 0, 'top': 0, 'width': 1280, 'height': 720}]
2024-04-19 22:58:44,993 - INFO - Data sent to server
2024-04-19 22:58:50,909 - INFO - Client disconnected: ('::1', 8006, 0, 0), no close frame received or sent
